#
# There is insufficient memory for the Java Runtime Environment to continue.
# Native memory allocation (malloc) failed to allocate 1048576 bytes for E in C:\jdk7u2_64p\jdk7u4\hotspot\src\share\vm\utilities/taskqueue.hpp
# Possible reasons:
#   The system is out of physical RAM or swap space
#   In 32 bit mode, the process size limit was hit
# Possible solutions:
#   Reduce memory load on the system
#   Increase physical memory or swap space
#   Check if swap backing store is full
#   Use 64 bit Java on a 64 bit OS
#   Decrease Java heap size (-Xmx/-Xms)
#   Decrease number of Java threads
#   Decrease Java thread stack sizes (-Xss)
#   Set larger code cache with -XX:ReservedCodeCacheSize=
# This output file may be truncated or incomplete.
#
#  Out of Memory Error (memory/allocation.inline.hpp:58), pid=19160, tid=18584
#
# JRE version: 7.0_04-b22
# Java VM: Java HotSpot(TM) 64-Bit Server VM (23.0-b21 mixed mode windows-amd64 compressed oops)
# Failed to write core dump. Minidumps are not enabled by default on client versions of Windows
#

---------------  T H R E A D  ---------------

Current thread (0x00000000004ac800):  JavaThread "Unknown thread" [_thread_in_vm, id=18584, stack(0x00000000029e0000,0x0000000002ae0000)]

Stack: [0x00000000029e0000,0x0000000002ae0000]

---------------  P R O C E S S  ---------------

Java Threads: ( => current thread )

Other Threads:

=>0x00000000004ac800 (exited) JavaThread "Unknown thread" [_thread_in_vm, id=18584, stack(0x00000000029e0000,0x0000000002ae0000)]

VM state:not at safepoint (normal execution)

VM Mutex/Monitor currently owned by a thread: None

Heap
 PSYoungGen      total 28416K, used 487K [0x00000000e0400000, 0x00000000e23b0000, 0x0000000000000000)
  eden space 24384K, 2% used [0x00000000e0400000,0x00000000e0479f28,0x00000000e1bd0000)
  from space 4032K, 0% used [0x00000000e1fc0000,0x00000000e1fc0000,0x00000000e23b0000)
  to   space 4032K, 0% used [0x00000000e1bd0000,0x00000000e1bd0000,0x00000000e1fc0000)
 ParOldGen       total 65024K, used 0K [0x00000000a0c00000, 0x00000000a4b80000, 0x00000000e0400000)
  object space 65024K, 0% used [0x00000000a0c00000,0x00000000a0c00000,0x00000000a4b80000)
 PSPermGen       total 21248K, used 678K [0x000000009ba00000, 0x000000009cec0000, 0x00000000a0c00000)
  object space 21248K, 3% used [0x000000009ba00000,0x000000009baa9a00,0x000000009cec0000)

Code Cache  [0x0000000002ae0000, 0x0000000002d50000, 0x0000000005ae0000)
 total_blobs=39 nmethods=0 adapters=20 free_code_cache=48889Kb largest_free_block=50062912

Compilation events (0 events):
No events

GC Heap History (0 events):
No events

Deoptimization events (0 events):
No events

Internal exceptions (0 events):
No events

Events (10 events):
Event: 0.020 loading class 0x000000000275d180
Event: 0.020 loading class 0x000000000275d180 done
Event: 0.020 loading class 0x000000000275d1e0
Event: 0.020 loading class 0x000000000275d1e0 done
Event: 0.020 loading class 0x000000000275d210
Event: 0.021 loading class 0x000000000275d210 done
Event: 0.021 loading class 0x00000000027125c0
Event: 0.021 loading class 0x00000000027125c0 done
Event: 0.021 loading class 0x0000000002712180
Event: 0.021 loading class 0x0000000002712180 done


Dynamic libraries:
0x000000003f470000 - 0x000000003f4a4000 	C:\Program Files\Java\jre7\bin\javaw.exe
0x0000000077260000 - 0x0000000077409000 	C:\Windows\SYSTEM32\ntdll.dll
0x0000000076ef0000 - 0x000000007700f000 	C:\Windows\system32\kernel32.dll
0x00000000fd850000 - 0x00000000fd8bc000 	C:\Windows\system32\KERNELBASE.dll
0x0000000074ac0000 - 0x0000000074b05000 	C:\Program Files\AVAST Software\Avast\snxhk64.dll
0x00000000fdb10000 - 0x00000000fdbeb000 	C:\Windows\system32\ADVAPI32.dll
0x00000000fecd0000 - 0x00000000fed6f000 	C:\Windows\system32\msvcrt.dll
0x00000000fef50000 - 0x00000000fef6f000 	C:\Windows\SYSTEM32\sechost.dll
0x00000000fdc00000 - 0x00000000fdd2d000 	C:\Windows\system32\RPCRT4.dll
0x0000000077160000 - 0x000000007725a000 	C:\Windows\system32\USER32.dll
0x00000000fda90000 - 0x00000000fdaf7000 	C:\Windows\system32\GDI32.dll
0x00000000fdbf0000 - 0x00000000fdbfe000 	C:\Windows\system32\LPK.dll
0x00000000fef70000 - 0x00000000ff039000 	C:\Windows\system32\USP10.dll
0x00000000fcf10000 - 0x00000000fd104000 	C:\Windows\WinSxS\amd64_microsoft.windows.common-controls_6595b64144ccf1df_6.0.7601.17514_none_fa396087175ac9ac\COMCTL32.dll
0x00000000ff140000 - 0x00000000ff1b1000 	C:\Windows\system32\SHLWAPI.dll
0x00000000ff2e0000 - 0x00000000ff30e000 	C:\Windows\system32\IMM32.DLL
0x00000000febc0000 - 0x00000000fecc9000 	C:\Windows\system32\MSCTF.dll
0x00000000fd5e0000 - 0x00000000fd61c000 	C:\Windows\system32\nvinitx.dll
0x000000000f000000 - 0x000000000f006000 	C:\Program Files\NVIDIA Corporation\CoProcManager\_etoured.dll
0x00000000fa480000 - 0x00000000fa4c4000 	C:\Program Files\NVIDIA Corporation\CoProcManager\nvd3d9wrapx.dll
0x00000000fed70000 - 0x00000000fef47000 	C:\Windows\system32\SETUPAPI.dll
0x00000000fd770000 - 0x00000000fd7a6000 	C:\Windows\system32\CFGMGR32.dll
0x00000000fdd50000 - 0x00000000fde27000 	C:\Windows\system32\OLEAUT32.dll
0x00000000ff310000 - 0x00000000ff513000 	C:\Windows\system32\ole32.dll
0x00000000fd8c0000 - 0x00000000fd8da000 	C:\Windows\system32\DEVOBJ.dll
0x00000000fa430000 - 0x00000000fa472000 	C:\Program Files\NVIDIA Corporation\CoProcManager\nvdxgiwrapx.dll
0x00000000605a0000 - 0x0000000060671000 	C:\Program Files\Java\jre7\bin\msvcr100.dll
0x0000000053f30000 - 0x000000005464a000 	C:\Program Files\Java\jre7\bin\server\jvm.dll
0x00000000f9e80000 - 0x00000000f9e89000 	C:\Windows\system32\WSOCK32.dll
0x00000000ff520000 - 0x00000000ff56d000 	C:\Windows\system32\WS2_32.dll
0x00000000fdb00000 - 0x00000000fdb08000 	C:\Windows\system32\NSI.dll
0x00000000fa4e0000 - 0x00000000fa51b000 	C:\Windows\system32\WINMM.dll
0x0000000077420000 - 0x0000000077427000 	C:\Windows\system32\PSAPI.DLL
0x0000000073cb0000 - 0x0000000073cbf000 	C:\Program Files\Java\jre7\bin\verify.dll
0x0000000072c40000 - 0x0000000072c68000 	C:\Program Files\Java\jre7\bin\java.dll
0x0000000072c80000 - 0x0000000072c95000 	C:\Program Files\Java\jre7\bin\zip.dll

VM Arguments:
jvm_args: -Dfile.encoding=Cp1252 
java_command: Picture
Launcher Type: SUN_STANDARD

Environment Variables:
PATH=C:\Program Files (x86)\NVIDIA Corporation\PhysX\Common;C:\Windows\system32;C:\Windows;C:\Windows\System32\Wbem;C:\Windows\System32\WindowsPowerShell\v1.0\;C:\Program Files\Intel\WiFi\bin\;C:\Program Files\Common Files\Intel\WirelessCommon\;C:\Program Files\MATLAB\R2012a\runtime\win64;C:\Program Files\MATLAB\R2012a\bin;C:\Program Files\Intel\WiFi\bin\;C:\Program Files\Common Files\Intel\WirelessCommon\;C:\Python32
USERNAME=James
OS=Windows_NT
PROCESSOR_IDENTIFIER=Intel64 Family 6 Model 42 Stepping 7, GenuineIntel



---------------  S Y S T E M  ---------------

OS: Windows 7 , 64 bit Build 7601 Service Pack 1

CPU:total 8 (4 cores per cpu, 2 threads per core) family 6 model 42 stepping 7, cmov, cx8, fxsr, mmx, sse, sse2, sse3, ssse3, sse4.1, sse4.2, popcnt, avx, ht, tsc, tscinvbit

Memory: 4k page, physical 6238064k(916852k free), swap 24940384k(23232k free)

vm_info: Java HotSpot(TM) 64-Bit Server VM (23.0-b21) for windows-amd64 JRE (1.7.0_04-b22), built on May  2 2012 23:28:26 by "java_re" with unknown MS VC++:1600

time: Sat Jun 30 14:20:05 2012
elapsed time: 0 seconds

